<?xml version="1.0" encoding="UTF-8"?>
<testsuite xmlns:xsi="http://www.w3.org/2001/XMLSchema-instance" xsi:noNamespaceSchemaLocation="https://maven.apache.org/surefire/maven-surefire-plugin/xsd/surefire-test-report.xsd" version="3.0.2" name="com.hstk.shortlink.ShortLinkSystemApplicationTests" time="1.516" tests="1" errors="0" skipped="0" failures="0" flakes="0">
  <properties>
[...]
</properties>
  <testcase name="contextLoads" classname="com.hstk.shortlink.ShortLinkSystemApplicationTests" time="0.307">
    <system-out><![CDATA[16:06:13.687 [main] INFO org.springframework.test.context.support.AnnotationConfigContextLoaderUtils -- Could not detect default configuration classes for test class [com.hstk.shortlink.ShortLinkSystemApplicationTests]: ShortLinkSystemApplicationTests does not declare any static, non-private, non-final, nested classes annotated with @Configuration.
16:06:13.732 [main] INFO org.springframework.boot.test.context.SpringBootTestContextBootstrapper -- Found @SpringBootConfiguration com.hstk.shortlink.ShortLinkSystemApplication for test class com.hstk.shortlink.ShortLinkSystemApplicationTests
16:06:13.762 [main] INFO org.springframework.test.context.support.AnnotationConfigContextLoaderUtils -- Could not detect default configuration classes for test class [com.hstk.shortlink.ShortLinkSystemApplicationTests]: ShortLinkSystemApplicationTests does not declare any static, non-private, non-final, nested classes annotated with @Configuration.
16:06:13.763 [main] INFO org.springframework.boot.test.context.SpringBootTestContextBootstrapper -- Found @SpringBootConfiguration com.hstk.shortlink.ShortLinkSystemApplication for test class com.hstk.shortlink.ShortLinkSystemApplicationTests

  .   ____          _            __ _ _
 /\\ / ___'_ __ _ _(_)_ __  __ _ \ \ \ \
( ( )\___ | '_ | '_| | '_ \/ _` | \ \ \ \
 \\/  ___)| |_)| | | | | || (_| |  ) ) ) )
  '  |____| .__|_| |_|_| |_\__, | / / / /
 =========|_|==============|___/=/_/_/_/

 :: Spring Boot ::                (v4.0.6)

2026-05-03T16:06:13.883+08:00  INFO 16762 --- [short-link-system] [           main] c.h.s.ShortLinkSystemApplicationTests    : Starting ShortLinkSystemApplicationTests using Java 25.0.1 with PID 16762 (started by hstk in /Users/hstk/projects/short-link-system)
2026-05-03T16:06:13.883+08:00  INFO 16762 --- [short-link-system] [           main] c.h.s.ShortLinkSystemApplicationTests    : No active profile set, falling back to 1 default profile: "default"
2026-05-03T16:06:14.167+08:00  INFO 16762 --- [short-link-system] [           main] .s.d.r.c.RepositoryConfigurationDelegate : Multiple Spring Data modules found, entering strict repository configuration mode
2026-05-03T16:06:14.168+08:00  INFO 16762 --- [short-link-system] [           main] .s.d.r.c.RepositoryConfigurationDelegate : Bootstrapping Spring Data Redis repositories in DEFAULT mode.
2026-05-03T16:06:14.178+08:00  INFO 16762 --- [short-link-system] [           main] .s.d.r.c.RepositoryConfigurationDelegate : Finished Spring Data repository scanning in 3 ms. Found 0 Redis repository interfaces.
2026-05-03T16:06:14.461+08:00  WARN 16762 --- [short-link-system] [           main] i.n.r.d.DnsServerAddressStreamProviders  : Can not find io.netty.resolver.dns.macos.MacOSDnsServerAddressStreamProvider in the classpath, fallback to system defaults. This may result in incorrect DNS resolutions on MacOS. Check whether you have a dependency on 'io.netty:netty-resolver-dns-native-macos'
2026-05-03T16:06:14.823+08:00  INFO 16762 --- [short-link-system] [           main] c.h.s.ShortLinkSystemApplicationTests    : Started ShortLinkSystemApplicationTests in 1.028 seconds (process running for 1.472)
]]></system-out>
    <system-err><![CDATA[Mockito is currently self-attaching to enable the inline-mock-maker. This will no longer work in future releases of the JDK. Please add Mockito as an agent to your build as described in Mockito's documentation: https://javadoc.io/doc/org.mockito/mockito-core/latest/org.mockito/org/mockito/Mockito.html#0.3
WARNING: A Java agent has been loaded dynamically (/Users/hstk/maven-repo/net/bytebuddy/byte-buddy-agent/1.17.8/byte-buddy-agent-1.17.8.jar)
WARNING: If a serviceability tool is in use, please run with -XX:+EnableDynamicAgentLoading to hide this warning
WARNING: If a serviceability tool is not in use, please run with -Djdk.instrument.traceUsage for more information
WARNING: Dynamic loading of agents will be disallowed by default in a future release
]]></system-err>
  </testcase>
</testsuite>